<?xml version="1.0" encoding="UTF-8"?>
<!-- Generated by org.testng.reporters.JUnitXMLReporter -->
<testsuite ignored="1" hostname="DESKTOP-2V2TNIK" failures="0" tests="2" name="Default test" time="46.012" errors="0" timestamp="2021-08-30T08:24:00 IST">
  <testcase classname="com.orange.testcases.TestHomePage" name="add_users" time="15.547"/>
  <testcase classname="com.orange.testcases.TestHomePage" name="testUsers" time="1.843"/>
  <testcase classname="com.orange.testcases.TestHomePage" name="testLogin" time="0.0">
    <ignored/>
  </testcase> <!-- testLogin -->
</testsuite> <!-- Default test -->
